<?xml version="1.0" encoding="UTF-8"?>
<!-- Generated by org.testng.reporters.JUnitXMLReporter -->
<testsuite ignored="0" hostname="DESKTOP-OG1OCES" failures="0" tests="4" name="Default test" time="40.016" errors="0" timestamp="2021-03-18T01:07:19 EET">
  <testcase classname="tests.Adding_Items_To_Cart" name="add_items" time="6.666"/>
  <testcase classname="tests.Adding_Items_To_Cart" name="product_steps" time="13.263"/>
  <testcase classname="tests.Adding_Items_To_Cart" name="cart_steps" time="4.023"/>
  <testcase classname="tests.Adding_Items_To_Cart" name="cheking_price_step" time="0.393"/>
</testsuite> <!-- Default test -->
